The following values were not passed to `accelerate launch` and had defaults used instead:
	`--num_processes` was set to a value of `1`
	`--num_machines` was set to a value of `1`
	`--mixed_precision` was set to a value of `'no'`
	`--dynamo_backend` was set to a value of `'no'`
To avoid this warning pass in values for each of the problematic parameters or run `accelerate config`.
usage: train_rec.py [-h] [--seed SEED] [--output_dir OUTPUT_DIR] [--debug]
                    --dataset DATASET [--shot SHOT] [--use_resp]
                    [--context_max_length CONTEXT_MAX_LENGTH]
                    [--prompt_max_length PROMPT_MAX_LENGTH]
                    [--entity_max_length ENTITY_MAX_LENGTH]
                    [--num_workers NUM_WORKERS] [--tokenizer TOKENIZER]
                    [--text_tokenizer TEXT_TOKENIZER] --model MODEL
                    [--text_encoder TEXT_ENCODER] [--num_bases NUM_BASES]
                    [--n_prefix_rec N_PREFIX_REC]
                    [--prompt_encoder PROMPT_ENCODER] [--use_fiup]
                    [--fiup_alpha FIUP_ALPHA] [--fiup_lambda FIUP_LAMBDA]
                    [--fiup_implicit_alpha FIUP_IMPLICIT_ALPHA]
                    [--sentiment_backend {textblob,transformers}]
                    [--fiup_states_dir FIUP_STATES_DIR] [--use_kg_expand]
                    [--kg_expand_max KG_EXPAND_MAX] [--use_movie_retrieval]
                    [--retrieval_top_k RETRIEVAL_TOP_K]
                    [--num_train_epochs NUM_TRAIN_EPOCHS]
                    [--max_train_steps MAX_TRAIN_STEPS]
                    [--per_device_train_batch_size PER_DEVICE_TRAIN_BATCH_SIZE]
                    [--per_device_eval_batch_size PER_DEVICE_EVAL_BATCH_SIZE]
                    [--gradient_accumulation_steps GRADIENT_ACCUMULATION_STEPS]
                    [--learning_rate LEARNING_RATE]
                    [--weight_decay WEIGHT_DECAY]
                    [--max_grad_norm MAX_GRAD_NORM]
                    [--num_warmup_steps NUM_WARMUP_STEPS] [--fp16]
                    [--use_wandb] [--entity ENTITY] [--project PROJECT]
                    [--name NAME] [--log_all]
train_rec.py: error: the following arguments are required: --dataset, --model
Traceback (most recent call last):
  File "/root/miniconda3/envs/fiup/bin/accelerate", line 6, in <module>
    sys.exit(main())
  File "/root/miniconda3/envs/fiup/lib/python3.10/site-packages/accelerate/commands/accelerate_cli.py", line 50, in main
    args.func(args)
  File "/root/miniconda3/envs/fiup/lib/python3.10/site-packages/accelerate/commands/launch.py", line 1405, in launch_command
    simple_launcher(args)
  File "/root/miniconda3/envs/fiup/lib/python3.10/site-packages/accelerate/commands/launch.py", line 993, in simple_launcher
    raise subprocess.CalledProcessError(returncode=process.returncode, cmd=cmd)
subprocess.CalledProcessError: Command '['/root/miniconda3/envs/fiup/bin/python3.10', 'train_rec.py']' returned non-zero exit status 2.
The following values were not passed to `accelerate launch` and had defaults used instead:
	`--num_processes` was set to a value of `1`
	`--num_machines` was set to a value of `1`
	`--mixed_precision` was set to a value of `'no'`
	`--dynamo_backend` was set to a value of `'no'`
To avoid this warning pass in values for each of the problematic parameters or run `accelerate config`.
usage: train_rec.py [-h] [--seed SEED] [--output_dir OUTPUT_DIR] [--debug]
                    --dataset DATASET [--shot SHOT] [--use_resp]
                    [--context_max_length CONTEXT_MAX_LENGTH]
                    [--prompt_max_length PROMPT_MAX_LENGTH]
                    [--entity_max_length ENTITY_MAX_LENGTH]
                    [--num_workers NUM_WORKERS] [--tokenizer TOKENIZER]
                    [--text_tokenizer TEXT_TOKENIZER] --model MODEL
                    [--text_encoder TEXT_ENCODER] [--num_bases NUM_BASES]
                    [--n_prefix_rec N_PREFIX_REC]
                    [--prompt_encoder PROMPT_ENCODER] [--use_fiup]
                    [--fiup_alpha FIUP_ALPHA] [--fiup_lambda FIUP_LAMBDA]
                    [--fiup_implicit_alpha FIUP_IMPLICIT_ALPHA]
                    [--sentiment_backend {textblob,transformers}]
                    [--fiup_states_dir FIUP_STATES_DIR] [--use_kg_expand]
                    [--kg_expand_max KG_EXPAND_MAX] [--use_movie_retrieval]
                    [--retrieval_top_k RETRIEVAL_TOP_K]
                    [--num_train_epochs NUM_TRAIN_EPOCHS]
                    [--max_train_steps MAX_TRAIN_STEPS]
                    [--per_device_train_batch_size PER_DEVICE_TRAIN_BATCH_SIZE]
                    [--per_device_eval_batch_size PER_DEVICE_EVAL_BATCH_SIZE]
                    [--gradient_accumulation_steps GRADIENT_ACCUMULATION_STEPS]
                    [--learning_rate LEARNING_RATE]
                    [--weight_decay WEIGHT_DECAY]
                    [--max_grad_norm MAX_GRAD_NORM]
                    [--num_warmup_steps NUM_WARMUP_STEPS] [--fp16]
                    [--use_wandb] [--entity ENTITY] [--project PROJECT]
                    [--name NAME] [--log_all]
train_rec.py: error: the following arguments are required: --dataset, --model
Traceback (most recent call last):
  File "/root/miniconda3/envs/fiup/bin/accelerate", line 6, in <module>
    sys.exit(main())
  File "/root/miniconda3/envs/fiup/lib/python3.10/site-packages/accelerate/commands/accelerate_cli.py", line 50, in main
    args.func(args)
  File "/root/miniconda3/envs/fiup/lib/python3.10/site-packages/accelerate/commands/launch.py", line 1405, in launch_command
    simple_launcher(args)
  File "/root/miniconda3/envs/fiup/lib/python3.10/site-packages/accelerate/commands/launch.py", line 993, in simple_launcher
    raise subprocess.CalledProcessError(returncode=process.returncode, cmd=cmd)
subprocess.CalledProcessError: Command '['/root/miniconda3/envs/fiup/bin/python3.10', 'train_rec.py']' returned non-zero exit status 2.
The following values were not passed to `accelerate launch` and had defaults used instead:
	`--num_processes` was set to a value of `1`
	`--num_machines` was set to a value of `1`
	`--mixed_precision` was set to a value of `'no'`
	`--dynamo_backend` was set to a value of `'no'`
To avoid this warning pass in values for each of the problematic parameters or run `accelerate config`.
usage: train_rec.py [-h] [--seed SEED] [--output_dir OUTPUT_DIR] [--debug]
                    --dataset DATASET [--shot SHOT] [--use_resp]
                    [--context_max_length CONTEXT_MAX_LENGTH]
                    [--prompt_max_length PROMPT_MAX_LENGTH]
                    [--entity_max_length ENTITY_MAX_LENGTH]
                    [--num_workers NUM_WORKERS] [--tokenizer TOKENIZER]
                    [--text_tokenizer TEXT_TOKENIZER] --model MODEL
                    [--text_encoder TEXT_ENCODER] [--num_bases NUM_BASES]
                    [--n_prefix_rec N_PREFIX_REC]
                    [--prompt_encoder PROMPT_ENCODER] [--use_fiup]
                    [--fiup_alpha FIUP_ALPHA] [--fiup_lambda FIUP_LAMBDA]
                    [--fiup_implicit_alpha FIUP_IMPLICIT_ALPHA]
                    [--sentiment_backend {textblob,transformers}]
                    [--fiup_states_dir FIUP_STATES_DIR] [--use_kg_expand]
                    [--kg_expand_max KG_EXPAND_MAX] [--use_movie_retrieval]
                    [--retrieval_top_k RETRIEVAL_TOP_K]
                    [--num_train_epochs NUM_TRAIN_EPOCHS]
                    [--max_train_steps MAX_TRAIN_STEPS]
                    [--per_device_train_batch_size PER_DEVICE_TRAIN_BATCH_SIZE]
                    [--per_device_eval_batch_size PER_DEVICE_EVAL_BATCH_SIZE]
                    [--gradient_accumulation_steps GRADIENT_ACCUMULATION_STEPS]
                    [--learning_rate LEARNING_RATE]
                    [--weight_decay WEIGHT_DECAY]
                    [--max_grad_norm MAX_GRAD_NORM]
                    [--num_warmup_steps NUM_WARMUP_STEPS] [--fp16]
                    [--use_wandb] [--entity ENTITY] [--project PROJECT]
                    [--name NAME] [--log_all]
train_rec.py: error: the following arguments are required: --dataset, --model
Traceback (most recent call last):
  File "/root/miniconda3/envs/fiup/bin/accelerate", line 6, in <module>
    sys.exit(main())
  File "/root/miniconda3/envs/fiup/lib/python3.10/site-packages/accelerate/commands/accelerate_cli.py", line 50, in main
    args.func(args)
  File "/root/miniconda3/envs/fiup/lib/python3.10/site-packages/accelerate/commands/launch.py", line 1405, in launch_command
    simple_launcher(args)
  File "/root/miniconda3/envs/fiup/lib/python3.10/site-packages/accelerate/commands/launch.py", line 993, in simple_launcher
    raise subprocess.CalledProcessError(returncode=process.returncode, cmd=cmd)
subprocess.CalledProcessError: Command '['/root/miniconda3/envs/fiup/bin/python3.10', 'train_rec.py']' returned non-zero exit status 2.
