nohup: ignoring input
The following values were not passed to `accelerate launch` and had defaults used instead:
	`--num_processes` was set to a value of `1`
	`--num_machines` was set to a value of `1`
	`--mixed_precision` was set to a value of `'no'`
	`--dynamo_backend` was set to a value of `'no'`
To avoid this warning pass in values for each of the problematic parameters or run `accelerate config`.
2026-04-21 21:12:13.539 | INFO     | __main__:<module>:107 - Distributed environment: NO
Num processes: 1
Process index: 0
Local process index: 0
Device: cuda

Mixed precision type: no

2026-04-21 21:12:13.539 | INFO     | __main__:<module>:108 - {'seed': 42, 'output_dir': '/root/autodl-tmp/UniCRS-main/output_conv', 'debug': False, 'dataset': 'redial', 'num_workers': 0, 'context_max_length': 200, 'resp_max_length': 183, 'entity_max_length': 32, 'prompt_max_length': 200, 'tokenizer': 'microsoft/DialoGPT-small', 'ignore_pad_token_for_loss': True, 'text_tokenizer': 'roberta-base', 'model': 'microsoft/DialoGPT-small', 'max_gen_len': 50, 'text_encoder': 'roberta-base', 'prompt_encoder': '/root/autodl-tmp/UniCRS-main/pre_trained_prompt/final', 'n_prefix_conv': 20, 'num_bases': 8, 'num_train_epochs': 10, 'max_train_steps': None, 'per_device_train_batch_size': 16, 'per_device_eval_batch_size': 16, 'gradient_accumulation_steps': 1, 'learning_rate': 0.0001, 'weight_decay': 0.01, 'max_grad_norm': None, 'num_warmup_steps': 6345, 'fp16': False, 'use_wandb': False, 'entity': None, 'project': None, 'name': None, 'log_all': False, 'use_fiup': True, 'fiup_alpha': 0.8, 'sentiment_backend': 'textblob', 'fiup_states_dir': '/root/autodl-tmp/UniCRS-main/output_conv/fiup_states'}
loading file vocab.json from cache at /root/.cache/huggingface/hub/models--microsoft--DialoGPT-small/snapshots/49c537161a457d5256512f9d2d38a87d81ae0f0e/vocab.json
loading file merges.txt from cache at /root/.cache/huggingface/hub/models--microsoft--DialoGPT-small/snapshots/49c537161a457d5256512f9d2d38a87d81ae0f0e/merges.txt
loading file tokenizer.json from cache at None
loading file added_tokens.json from cache at None
loading file special_tokens_map.json from cache at None
loading file tokenizer_config.json from cache at /root/.cache/huggingface/hub/models--microsoft--DialoGPT-small/snapshots/49c537161a457d5256512f9d2d38a87d81ae0f0e/tokenizer_config.json
Assigning <pad> to the pad_token key of the tokenizer
Assigning ['<movie>'] to the additional_special_tokens key of the tokenizer
loading configuration file config.json from cache at /root/.cache/huggingface/hub/models--microsoft--DialoGPT-small/snapshots/49c537161a457d5256512f9d2d38a87d81ae0f0e/config.json
Model config GPT2Config {
  "activation_function": "gelu_new",
  "architectures": [
    "GPT2LMHeadModel"
  ],
  "attn_pdrop": 0.1,
  "bos_token_id": 50256,
  "embd_pdrop": 0.1,
  "eos_token_id": 50256,
  "initializer_range": 0.02,
  "layer_norm_epsilon": 1e-05,
  "model_type": "gpt2",
  "n_ctx": 1024,
  "n_embd": 768,
  "n_head": 12,
  "n_inner": null,
  "n_layer": 12,
  "n_positions": 1024,
  "reorder_and_upcast_attn": false,
  "resid_pdrop": 0.1,
  "scale_attn_by_inverse_layer_idx": false,
  "scale_attn_weights": true,
  "summary_activation": null,
  "summary_first_dropout": 0.1,
  "summary_proj_to_labels": true,
  "summary_type": "cls_index",
  "summary_use_proj": true,
  "task_specific_params": {
    "conversational": {
      "max_length": 1000
    }
  },
  "transformers_version": "4.28.0",
  "use_cache": true,
  "vocab_size": 50257
}

loading weights file model.safetensors from cache at /root/.cache/huggingface/hub/models--microsoft--DialoGPT-small/snapshots/49c537161a457d5256512f9d2d38a87d81ae0f0e/model.safetensors
Generate config GenerationConfig {
  "_from_model_config": true,
  "bos_token_id": 50256,
  "eos_token_id": 50256,
  "transformers_version": "4.28.0"
}

All model checkpoint weights were used when initializing PromptGPT2forCRS.

All the weights of PromptGPT2forCRS were initialized from the model checkpoint at microsoft/DialoGPT-small.
If your task is similar to the task the model of the checkpoint was trained on, you can already use PromptGPT2forCRS for predictions without further training.
loading configuration file generation_config.json from cache at /root/.cache/huggingface/hub/models--microsoft--DialoGPT-small/snapshots/49c537161a457d5256512f9d2d38a87d81ae0f0e/generation_config.json
Generate config GenerationConfig {
  "_from_model_config": true,
  "bos_token_id": 50256,
  "eos_token_id": 50256,
  "transformers_version": "4.28.0"
}

loading configuration file config.json from cache at /root/.cache/huggingface/hub/models--roberta-base/snapshots/e2da8e2f811d1448a5b465c236feacd80ffbac7b/config.json
Model config RobertaConfig {
  "_name_or_path": "roberta-base",
  "architectures": [
    "RobertaForMaskedLM"
  ],
  "attention_probs_dropout_prob": 0.1,
  "bos_token_id": 0,
  "classifier_dropout": null,
  "eos_token_id": 2,
  "hidden_act": "gelu",
  "hidden_dropout_prob": 0.1,
  "hidden_size": 768,
  "initializer_range": 0.02,
  "intermediate_size": 3072,
  "layer_norm_eps": 1e-05,
  "max_position_embeddings": 514,
  "model_type": "roberta",
  "num_attention_heads": 12,
  "num_hidden_layers": 12,
  "pad_token_id": 1,
  "position_embedding_type": "absolute",
  "transformers_version": "4.28.0",
  "type_vocab_size": 1,
  "use_cache": true,
  "vocab_size": 50265
}

loading file vocab.json from cache at /root/.cache/huggingface/hub/models--roberta-base/snapshots/e2da8e2f811d1448a5b465c236feacd80ffbac7b/vocab.json
loading file merges.txt from cache at /root/.cache/huggingface/hub/models--roberta-base/snapshots/e2da8e2f811d1448a5b465c236feacd80ffbac7b/merges.txt
loading file tokenizer.json from cache at /root/.cache/huggingface/hub/models--roberta-base/snapshots/e2da8e2f811d1448a5b465c236feacd80ffbac7b/tokenizer.json
loading file added_tokens.json from cache at None
loading file special_tokens_map.json from cache at None
loading file tokenizer_config.json from cache at /root/.cache/huggingface/hub/models--roberta-base/snapshots/e2da8e2f811d1448a5b465c236feacd80ffbac7b/tokenizer_config.json
loading configuration file config.json from cache at /root/.cache/huggingface/hub/models--roberta-base/snapshots/e2da8e2f811d1448a5b465c236feacd80ffbac7b/config.json
Model config RobertaConfig {
  "_name_or_path": "roberta-base",
  "architectures": [
    "RobertaForMaskedLM"
  ],
  "attention_probs_dropout_prob": 0.1,
  "bos_token_id": 0,
  "classifier_dropout": null,
  "eos_token_id": 2,
  "hidden_act": "gelu",
  "hidden_dropout_prob": 0.1,
  "hidden_size": 768,
  "initializer_range": 0.02,
  "intermediate_size": 3072,
  "layer_norm_eps": 1e-05,
  "max_position_embeddings": 514,
  "model_type": "roberta",
  "num_attention_heads": 12,
  "num_hidden_layers": 12,
  "pad_token_id": 1,
  "position_embedding_type": "absolute",
  "transformers_version": "4.28.0",
  "type_vocab_size": 1,
  "use_cache": true,
  "vocab_size": 50265
}

Assigning ['<movie>'] to the additional_special_tokens key of the tokenizer
